2025-07-24 12:44:15,923 - generate_ideal_labels - INFO - Начало генерации идеальных меток...
2025-07-24 12:44:15,923 - generate_ideal_labels - INFO - → Обработка BTC/USDT
2025-07-24 12:44:38,519 - generate_ideal_labels - INFO -    Обработано BTC/USDT: 614 идеальных сделок
2025-07-24 12:44:38,520 - generate_ideal_labels - INFO - → Обработка ETH/USDT
2025-07-24 12:44:47,498 - generate_ideal_labels - INFO -    Обработано ETH/USDT: 2506 идеальных сделок
2025-07-24 12:44:47,499 - generate_ideal_labels - INFO - → Обработка BNB/USDT
2025-07-24 12:45:00,101 - generate_ideal_labels - INFO -    Обработано BNB/USDT: 2148 идеальных сделок
2025-07-24 12:45:00,101 - generate_ideal_labels - INFO - → Обработка SOL/USDT
2025-07-24 12:45:10,646 - generate_ideal_labels - INFO -    Обработано SOL/USDT: 2546 идеальных сделок
2025-07-24 12:45:10,646 - generate_ideal_labels - INFO - → Обработка XRP/USDT
2025-07-24 12:45:22,980 - generate_ideal_labels - INFO -    Обработано XRP/USDT: 2564 идеальных сделок
2025-07-24 12:45:22,980 - generate_ideal_labels - INFO - → Обработка CAKE/USDT
2025-07-24 12:45:34,458 - generate_ideal_labels - INFO -    Обработано CAKE/USDT: 2660 идеальных сделок
2025-07-24 12:45:34,458 - generate_ideal_labels - INFO - → Обработка DOGE/USDT
2025-07-24 12:45:45,551 - generate_ideal_labels - INFO -    Обработано DOGE/USDT: 2774 идеальных сделок
2025-07-24 12:45:45,552 - generate_ideal_labels - INFO - → Обработка MEME/USDT
2025-07-24 12:45:57,286 - generate_ideal_labels - INFO -    Обработано MEME/USDT: 2798 идеальных сделок
2025-07-24 12:45:57,286 - generate_ideal_labels - INFO - → Обработка WIF/USDT
2025-07-24 12:46:09,045 - generate_ideal_labels - INFO -    Обработано WIF/USDT: 2798 идеальных сделок
2025-07-24 12:46:09,045 - generate_ideal_labels - INFO - → Обработка POPCAT/USDT
2025-07-24 12:46:20,765 - generate_ideal_labels - INFO -    Обработано POPCAT/USDT: 2798 идеальных сделок
2025-07-24 12:46:20,765 - generate_ideal_labels - INFO - → Обработка LINK/USDT
2025-07-24 12:46:33,989 - generate_ideal_labels - INFO -    Обработано LINK/USDT: 2778 идеальных сделок
2025-07-24 12:46:33,989 - generate_ideal_labels - INFO - → Обработка ALGO/USDT
2025-07-24 12:46:45,862 - generate_ideal_labels - INFO -    Обработано ALGO/USDT: 2744 идеальных сделок
2025-07-24 12:46:45,862 - generate_ideal_labels - INFO - → Обработка ZRX/USDT
2025-07-24 12:46:58,330 - generate_ideal_labels - INFO -    Обработано ZRX/USDT: 2704 идеальных сделок
2025-07-24 12:46:58,330 - generate_ideal_labels - INFO - → Обработка OP/USDT
2025-07-24 12:47:09,390 - generate_ideal_labels - INFO -    Обработано OP/USDT: 2798 идеальных сделок
2025-07-24 12:47:09,390 - generate_ideal_labels - INFO - → Обработка LDO/USDT
2025-07-24 12:47:21,319 - generate_ideal_labels - INFO -    Обработано LDO/USDT: 2798 идеальных сделок
2025-07-24 12:47:21,826 - generate_ideal_labels - INFO - ✅ Идеальные метки сохранены в expert_trades.csv. Всего: 38028 сделок.
2025-07-24 12:47:21,828 - generate_ideal_labels - INFO - Распределение по меткам:
label
0    19014
1    19014
Name: count, dtype: int64
