2025-07-24 13:05:51,181 - monitoring_bot - INFO - --- Запуск Monitoring Bot ---
2025-07-24 13:05:51,181 - monitoring_bot - INFO - Файл состояния бота не найден. Начинаем с пустого состояния.
2025-07-24 13:05:51,181 - monitoring_bot - INFO - Конфиг загружен. Символов: 15, Интервал: 60с, Порог: 0.5194
2025-07-24 13:05:51,191 - monitoring_bot - INFO - Биржа binance инициализирована.
2025-07-24 13:05:51,218 - monitoring_bot - CRITICAL - Критическая ошибка загрузки модели: В папке 'models' нет ни одного файла 'trade_model_*.pkl'
2025-07-24 13:07:20,943 - monitoring_bot - INFO - --- Запуск Monitoring Bot ---
2025-07-24 13:07:20,944 - monitoring_bot - INFO - Файл состояния бота не найден. Начинаем с пустого состояния.
2025-07-24 13:07:20,944 - monitoring_bot - INFO - Конфиг загружен. Символов: 15, Интервал: 60с, Порог: 0.5194
2025-07-24 13:07:20,954 - monitoring_bot - INFO - Биржа binance инициализирована.
2025-07-24 13:07:20,981 - monitoring_bot - CRITICAL - Критическая ошибка загрузки модели: В папке 'models/ensemble' нет ни одного файла 'trade_model_*.pkl'
2025-07-24 13:12:52,017 - monitoring_bot - INFO - --- Запуск Monitoring Bot ---
2025-07-24 13:12:52,017 - monitoring_bot - INFO - Файл состояния бота не найден. Начинаем с пустого состояния.
2025-07-24 13:12:52,017 - monitoring_bot - INFO - Конфиг загружен. Символов: 15, Интервал: 60с, Порог: 0.5194
2025-07-24 13:12:52,028 - monitoring_bot - INFO - Биржа binance инициализирована.
2025-07-24 13:12:52,058 - monitoring_bot - CRITICAL - Критическая ошибка загрузки модели: В папке 'models/ensemble' нет ни одного файла 'trade_model_*.pkl'
2025-07-24 13:13:14,444 - monitoring_bot - INFO - --- Запуск Monitoring Bot ---
2025-07-24 13:13:14,444 - monitoring_bot - INFO - Файл состояния бота не найден. Начинаем с пустого состояния.
2025-07-24 13:13:14,444 - monitoring_bot - INFO - Конфиг загружен. Символов: 15, Интервал: 60с, Порог: 0.5194
2025-07-24 13:13:14,460 - monitoring_bot - INFO - Биржа binance инициализирована.
2025-07-24 13:13:14,503 - monitoring_bot - INFO - Загрузка последней модели: models/ensemble/ensemble_model_20250724_1250.pkl
2025-07-24 13:13:15,338 - monitoring_bot - INFO - Модель загружена. Признаков: 227
2025-07-24 13:13:15,338 - monitoring_bot - INFO - --- Начало цикла мониторинга ---
2025-07-24 13:13:15,338 - monitoring_bot - INFO - >>> Начало итерации мониторинга: 2025-07-24T13:13:15.338620+00:00
2025-07-24 13:13:55,247 - monitoring_bot - INFO - <<< Итерация завершена за 39.91с. Ожидание 20.09с до следующей итерации.
2025-07-24 13:14:15,338 - monitoring_bot - INFO - >>> Начало итерации мониторинга: 2025-07-24T13:14:15.338897+00:00
2025-07-24 13:14:49,240 - monitoring_bot - INFO - <<< Итерация завершена за 33.90с. Ожидание 26.10с до следующей итерации.
2025-07-24 13:15:15,339 - monitoring_bot - INFO - >>> Начало итерации мониторинга: 2025-07-24T13:15:15.339135+00:00
2025-07-24 13:15:49,236 - monitoring_bot - INFO - <<< Итерация завершена за 33.90с. Ожидание 26.10с до следующей итерации.
2025-07-24 13:16:15,339 - monitoring_bot - INFO - >>> Начало итерации мониторинга: 2025-07-24T13:16:15.339452+00:00
2025-07-24 13:16:49,237 - monitoring_bot - INFO - <<< Итерация завершена за 33.90с. Ожидание 26.10с до следующей итерации.
2025-07-24 13:17:15,339 - monitoring_bot - INFO - >>> Начало итерации мониторинга: 2025-07-24T13:17:15.339898+00:00
2025-07-24 13:17:49,261 - monitoring_bot - INFO - <<< Итерация завершена за 33.92с. Ожидание 26.08с до следующей итерации.
2025-07-24 13:18:15,340 - monitoring_bot - INFO - >>> Начало итерации мониторинга: 2025-07-24T13:18:15.340183+00:00
2025-07-24 13:18:49,236 - monitoring_bot - INFO - <<< Итерация завершена за 33.90с. Ожидание 26.10с до следующей итерации.
2025-07-24 13:19:15,340 - monitoring_bot - INFO - >>> Начало итерации мониторинга: 2025-07-24T13:19:15.340441+00:00
